2020-05-22 17:18:31,639 [Worker-1: Loading available Gradle versions] INFO  o.e.b.c.i.u.g.PublishedGradleVersions - Gradle version information cache is up-to-date. Trying to read.
2020-05-25 09:11:48,295 [Worker-1: Loading available Gradle versions] INFO  o.e.b.c.i.u.g.PublishedGradleVersions - Gradle version information cache is out-of-date. Trying to update.
2020-05-26 09:11:30,412 [Worker-0: Loading available Gradle versions] INFO  o.e.b.c.i.u.g.PublishedGradleVersions - Gradle version information cache is up-to-date. Trying to read.
2020-05-26 09:20:30,455 [Worker-13: Auto share git projects] WARN  org.eclipse.jgit.util.FS - Cannot run program "git" (in directory "\usr\bin"): CreateProcess error=2, 지정된 파일을 찾을 수 없습니다
2020-05-26 10:04:39,340 [Worker-1: Loading available Gradle versions] INFO  o.e.b.c.i.u.g.PublishedGradleVersions - Gradle version information cache is out-of-date. Trying to update.
2020-05-26 10:05:02,409 [Worker-0: Decoration Calculation] WARN  org.eclipse.jgit.util.FS - Cannot run program "git" (in directory "\usr\bin"): CreateProcess error=2, 지정된 파일을 찾을 수 없습니다
2020-05-26 12:09:34,682 [Worker-2: Loading available Gradle versions] INFO  o.e.b.c.i.u.g.PublishedGradleVersions - Gradle version information cache is up-to-date. Trying to read.
2020-05-26 12:09:38,105 [Worker-3: Decoration Calculation] WARN  org.eclipse.jgit.util.FS - Cannot run program "git" (in directory "\usr\bin"): CreateProcess error=2, 지정된 파일을 찾을 수 없습니다
2020-05-27 08:37:55,015 [Worker-6: Loading available Gradle versions] INFO  o.e.b.c.i.u.g.PublishedGradleVersions - Gradle version information cache is up-to-date. Trying to read.
2020-05-27 08:37:59,870 [Worker-3: Decoration Calculation] WARN  org.eclipse.jgit.util.FS - Cannot run program "git" (in directory "\usr\bin"): CreateProcess error=2, 지정된 파일을 찾을 수 없습니다
2020-05-27 17:16:48,805 [Worker-3: Loading available Gradle versions] INFO  o.e.b.c.i.u.g.PublishedGradleVersions - Gradle version information cache is out-of-date. Trying to update.
2020-05-27 17:16:51,155 [Worker-4: Decoration Calculation] WARN  org.eclipse.jgit.util.FS - Cannot run program "git" (in directory "\usr\bin"): CreateProcess error=2, 지정된 파일을 찾을 수 없습니다
2020-05-28 09:16:04,540 [Worker-5: Loading available Gradle versions] INFO  o.e.b.c.i.u.g.PublishedGradleVersions - Gradle version information cache is up-to-date. Trying to read.
2020-05-28 09:16:10,383 [Worker-7: Decoration Calculation] WARN  org.eclipse.jgit.util.FS - Cannot run program "git" (in directory "\usr\bin"): CreateProcess error=2, 지정된 파일을 찾을 수 없습니다
2020-05-28 11:03:10,719 [Worker-2: Loading available Gradle versions] INFO  o.e.b.c.i.u.g.PublishedGradleVersions - Gradle version information cache is up-to-date. Trying to read.
2020-05-28 11:03:18,154 [Worker-10: Building] WARN  org.eclipse.jgit.util.FS - Cannot run program "git" (in directory "\usr\bin"): CreateProcess error=2, 지정된 파일을 찾을 수 없습니다
2020-05-28 16:48:27,967 [Worker-2: Loading available Gradle versions] INFO  o.e.b.c.i.u.g.PublishedGradleVersions - Gradle version information cache is up-to-date. Trying to read.
2020-05-28 16:48:32,965 [Worker-4: Decoration Calculation] WARN  org.eclipse.jgit.util.FS - Cannot run program "git" (in directory "\usr\bin"): CreateProcess error=2, 지정된 파일을 찾을 수 없습니다
2020-05-29 09:14:16,908 [Worker-1: Loading available Gradle versions] INFO  o.e.b.c.i.u.g.PublishedGradleVersions - Gradle version information cache is out-of-date. Trying to update.
2020-05-29 09:14:23,893 [Worker-3: Decoration Calculation] WARN  org.eclipse.jgit.util.FS - Cannot run program "git" (in directory "\usr\bin"): CreateProcess error=2, 지정된 파일을 찾을 수 없습니다
2020-05-29 09:27:14,266 [Worker-0: Loading available Gradle versions] INFO  o.e.b.c.i.u.g.PublishedGradleVersions - Gradle version information cache is up-to-date. Trying to read.
2020-05-29 09:27:17,763 [Worker-1: Decoration Calculation] WARN  org.eclipse.jgit.util.FS - Cannot run program "git" (in directory "\usr\bin"): CreateProcess error=2, 지정된 파일을 찾을 수 없습니다
2020-05-29 10:54:37,065 [Worker-0: Loading available Gradle versions] INFO  o.e.b.c.i.u.g.PublishedGradleVersions - Gradle version information cache is up-to-date. Trying to read.
2020-05-29 10:54:40,193 [Worker-0: Building] WARN  org.eclipse.jgit.util.FS - Cannot run program "git" (in directory "\usr\bin"): CreateProcess error=2, 지정된 파일을 찾을 수 없습니다
2020-05-29 11:10:22,210 [Worker-2: Loading available Gradle versions] INFO  o.e.b.c.i.u.g.PublishedGradleVersions - Gradle version information cache is up-to-date. Trying to read.
2020-05-29 11:10:25,813 [Worker-0: Decoration Calculation] WARN  org.eclipse.jgit.util.FS - Cannot run program "git" (in directory "\usr\bin"): CreateProcess error=2, 지정된 파일을 찾을 수 없습니다
2020-05-29 11:12:47,431 [Worker-1: Loading available Gradle versions] INFO  o.e.b.c.i.u.g.PublishedGradleVersions - Gradle version information cache is up-to-date. Trying to read.
2020-05-29 11:12:54,308 [Worker-3: Decoration Calculation] WARN  org.eclipse.jgit.util.FS - Cannot run program "git" (in directory "\usr\bin"): CreateProcess error=2, 지정된 파일을 찾을 수 없습니다
2020-05-29 17:07:38,503 [Worker-6: Loading available Gradle versions] INFO  o.e.b.c.i.u.g.PublishedGradleVersions - Gradle version information cache is up-to-date. Trying to read.
2020-05-29 17:07:43,554 [Worker-4: Decoration Calculation] WARN  org.eclipse.jgit.util.FS - Cannot run program "git" (in directory "\usr\bin"): CreateProcess error=2, 지정된 파일을 찾을 수 없습니다
